Using pre-set license
Built from '2020.2/staging' branch; Version is '2020.2.5f1 (e2c53f129de5) revision 14861631'; Using compiler version '192528614'; Build Type 'Release'
OS: 'Windows 10 Home Single Language; OS build 19042.1415; Version 2009; 64bit' Language: 'en' Physical Memory: 11164 MB
BatchMode: 1, IsHumanControllingUs: 0, StartBugReporterOnCrash: 0, Is64bit: 1, IsPro: 0

 COMMAND LINE ARGUMENTS:
C:\Program Files\Unity\Hub\Editor\2020.2.5f1\Editor\Unity.exe
-adb2
-batchMode
-noUpm
-name
AssetImportWorker0
-projectPath
C:/Users/acer/ProjectUAS
-logFile
Logs/AssetImportWorker0.log
-srvPort
61714
Successfully changed project path to: C:/Users/acer/ProjectUAS
C:/Users/acer/ProjectUAS
Using Asset Import Pipeline V2.
Refreshing native plugins compatible for Editor in 53.83 ms, found 0 plugins.
Preloading 0 native plugins for Editor in 0.00 ms.
Initialize engine version: 2020.2.5f1 (e2c53f129de5)
[Subsystems] Discovering subsystems at path C:/Program Files/Unity/Hub/Editor/2020.2.5f1/Editor/Data/Resources/UnitySubsystems
[Subsystems] Discovering subsystems at path C:/Users/acer/ProjectUAS/Assets
GfxDevice: creating device client; threaded=0
Direct3D:
    Version:  Direct3D 11.0 [level 11.1]
    Renderer: AMD Radeon(TM) Vega 8 Graphics (ID=0x15dd)
    Vendor:   
    VRAM:     5582 MB
    Driver:   27.20.21003.8013
Initialize mono
Mono path[0] = 'C:/Program Files/Unity/Hub/Editor/2020.2.5f1/Editor/Data/Managed'
Mono path[1] = 'C:/Program Files/Unity/Hub/Editor/2020.2.5f1/Editor/Data/MonoBleedingEdge/lib/mono/unityjit'
Mono config path = 'C:/Program Files/Unity/Hub/Editor/2020.2.5f1/Editor/Data/MonoBleedingEdge/etc'
Using monoOptions --debugger-agent=transport=dt_socket,embedding=1,server=y,suspend=n,address=127.0.0.1:56944
Begin MonoManager ReloadAssembly
Registering precompiled unity dll's ...
Register platform support module: C:/Program Files/Unity/Hub/Editor/2020.2.5f1/Editor/Data/PlaybackEngines/WindowsStandaloneSupport/UnityEditor.WindowsStandalone.Extensions.dll
Registered in 0.003631 seconds.
Native extension for WindowsStandalone target not found
Refreshing native plugins compatible for Editor in 58.46 ms, found 0 plugins.
Preloading 0 native plugins for Editor in 0.00 ms.
Invoked RoslynAnalysisRunner static constructor.
RoslynAnalysisRunner will not be running.
RoslynAnalysisRunner has terminated.
Mono: successfully reloaded assembly
- Completed reload, in  4.195 seconds
Platform modules already initialized, skipping
Registering precompiled user dll's ...
Registered in 0.001491 seconds.
Begin MonoManager ReloadAssembly
Native extension for WindowsStandalone target not found
Refreshing native plugins compatible for Editor in 0.40 ms, found 0 plugins.
Preloading 0 native plugins for Editor in 0.00 ms.
Invoked RoslynAnalysisRunner static constructor.
RoslynAnalysisRunner will not be running.
RoslynAnalysisRunner has terminated.
Mono: successfully reloaded assembly
- Completed reload, in  1.920 seconds
Platform modules already initialized, skipping
========================================================================
Worker process is ready to serve import requests
Launched and connected shader compiler UnityShaderCompiler.exe after 0.17 seconds
Refreshing native plugins compatible for Editor in 0.93 ms, found 0 plugins.
Preloading 0 native plugins for Editor in 0.00 ms.
Unloading 1264 Unused Serialized files (Serialized files now loaded: 0)
System memory in use before: 92.5 MB.
System memory in use after: 91.5 MB.

Unloading 15 unused Assets to reduce memory usage. Loaded Objects now: 1742.
Total: 8.548500 ms (FindLiveObjects: 0.585500 ms CreateObjectMapping: 0.769800 ms MarkObjects: 5.387600 ms  DeleteObjects: 1.802700 ms)

========================================================================
Received Import Request.
  path: Assets/assets/Score.cs
  artifactKey: Guid(b830fbdaa53ab494ebe6473f6eef9680) Importer(815301076,1909f56bfc062723c751e8b465ee728b)
Start importing Assets/assets/Score.cs using Guid(b830fbdaa53ab494ebe6473f6eef9680) Importer(815301076,1909f56bfc062723c751e8b465ee728b)  -> (artifact id: 'c4183bf1a1bbb0c84c271e9098f61e98') in 0.089532 seconds
  Import took 0.096667 seconds .

========================================================================
Received Prepare
Registering precompiled user dll's ...
Registered in 0.001597 seconds.
Begin MonoManager ReloadAssembly
Native extension for WindowsStandalone target not found
Refreshing native plugins compatible for Editor in 0.69 ms, found 0 plugins.
Preloading 0 native plugins for Editor in 0.00 ms.
Invoked RoslynAnalysisRunner static constructor.
RoslynAnalysisRunner will not be running.
RoslynAnalysisRunner has terminated.
Mono: successfully reloaded assembly
- Completed reload, in  1.379 seconds
Platform modules already initialized, skipping
Refreshing native plugins compatible for Editor in 0.41 ms, found 0 plugins.
Preloading 0 native plugins for Editor in 0.00 ms.
Unloading 1235 Unused Serialized files (Serialized files now loaded: 0)
System memory in use before: 90.6 MB.
System memory in use after: 89.6 MB.

Unloading 10 unused Assets to reduce memory usage. Loaded Objects now: 1744.
Total: 3.819000 ms (FindLiveObjects: 0.260600 ms CreateObjectMapping: 0.064200 ms MarkObjects: 2.464900 ms  DeleteObjects: 1.027100 ms)

========================================================================
Received Prepare
Registering precompiled user dll's ...
Registered in 0.001553 seconds.
Begin MonoManager ReloadAssembly
Native extension for WindowsStandalone target not found
Refreshing native plugins compatible for Editor in 0.44 ms, found 0 plugins.
Preloading 0 native plugins for Editor in 0.00 ms.
Invoked RoslynAnalysisRunner static constructor.
RoslynAnalysisRunner will not be running.
RoslynAnalysisRunner has terminated.
Mono: successfully reloaded assembly
- Completed reload, in  1.338 seconds
Platform modules already initialized, skipping
Refreshing native plugins compatible for Editor in 0.57 ms, found 0 plugins.
Preloading 0 native plugins for Editor in 0.00 ms.
Unloading 1235 Unused Serialized files (Serialized files now loaded: 0)
System memory in use before: 90.6 MB.
System memory in use after: 89.6 MB.

Unloading 10 unused Assets to reduce memory usage. Loaded Objects now: 1746.
Total: 4.221700 ms (FindLiveObjects: 0.308100 ms CreateObjectMapping: 0.065300 ms MarkObjects: 2.659800 ms  DeleteObjects: 1.186300 ms)

========================================================================
Received Import Request.
  Time since last request: 100.667689 seconds.
  path: Assets/assets/Score.cs
  artifactKey: Guid(b830fbdaa53ab494ebe6473f6eef9680) Importer(815301076,1909f56bfc062723c751e8b465ee728b)
Start importing Assets/assets/Score.cs using Guid(b830fbdaa53ab494ebe6473f6eef9680) Importer(815301076,1909f56bfc062723c751e8b465ee728b)  -> (artifact id: '38cb9e2a3ae6809c61b1248bfa95c3fa') in 0.007851 seconds
  Import took 0.017698 seconds .

========================================================================
Received Import Request.
  Time since last request: 6.853275 seconds.
  path: Assets/Scenes/SampleScene.unity
  artifactKey: Guid(9fc0d4010bbf28b4594072e72b8655ab) Importer(815301076,1909f56bfc062723c751e8b465ee728b)
Start importing Assets/Scenes/SampleScene.unity using Guid(9fc0d4010bbf28b4594072e72b8655ab) Importer(815301076,1909f56bfc062723c751e8b465ee728b)  -> (artifact id: '9069196b9449df8658a5629b38dd2c7c') in 0.030339 seconds
  Import took 0.039316 seconds .

========================================================================
Received Import Request.
  Time since last request: 2.729170 seconds.
  path: Assets/Scenes/SampleScene
  artifactKey: Guid(aeb243fb5f659d247b17ce1b33f2a1a8) Importer(815301076,1909f56bfc062723c751e8b465ee728b)
Start importing Assets/Scenes/SampleScene using Guid(aeb243fb5f659d247b17ce1b33f2a1a8) Importer(815301076,1909f56bfc062723c751e8b465ee728b)  -> (artifact id: 'dd416e5e030f3dbe1e648928f439b1d1') in 0.020041 seconds
  Import took 0.026821 seconds .

========================================================================
Received Import Request.
  Time since last request: 0.056986 seconds.
  path: Assets/Scenes/SampleScene/NavMesh-GameObject.asset
  artifactKey: Guid(54c685e0ed9260943bd79c15273c5de5) Importer(815301076,1909f56bfc062723c751e8b465ee728b)
Start importing Assets/Scenes/SampleScene/NavMesh-GameObject.asset using Guid(54c685e0ed9260943bd79c15273c5de5) Importer(815301076,1909f56bfc062723c751e8b465ee728b)  -> (artifact id: '41ef9c9f4d0f071c4d44788f846fd426') in 0.025654 seconds
  Import took 0.030495 seconds .

========================================================================
Received Prepare
Registering precompiled user dll's ...
Registered in 0.001442 seconds.
Begin MonoManager ReloadAssembly
Native extension for WindowsStandalone target not found
Refreshing native plugins compatible for Editor in 0.56 ms, found 0 plugins.
Preloading 0 native plugins for Editor in 0.00 ms.
Invoked RoslynAnalysisRunner static constructor.
RoslynAnalysisRunner will not be running.
RoslynAnalysisRunner has terminated.
Mono: successfully reloaded assembly
- Completed reload, in  1.301 seconds
Platform modules already initialized, skipping
Refreshing native plugins compatible for Editor in 1.07 ms, found 0 plugins.
Preloading 0 native plugins for Editor in 0.00 ms.
Unloading 1235 Unused Serialized files (Serialized files now loaded: 0)
System memory in use before: 90.6 MB.
System memory in use after: 89.6 MB.

Unloading 10 unused Assets to reduce memory usage. Loaded Objects now: 1748.
Total: 4.093400 ms (FindLiveObjects: 0.249400 ms CreateObjectMapping: 0.051800 ms MarkObjects: 2.375500 ms  DeleteObjects: 1.414200 ms)

========================================================================
Received Import Request.
  Time since last request: 72.861426 seconds.
  path: ProjectSettings/TagManager.asset
  artifactKey: Guid(00000000000000003000000000000000) Importer(815301076,1909f56bfc062723c751e8b465ee728b)
Start importing ProjectSettings/TagManager.asset using Guid(00000000000000003000000000000000) Importer(815301076,1909f56bfc062723c751e8b465ee728b)  -> (artifact id: 'fc5c7960eb4383985c2daab0b35c3452') in 0.031801 seconds
  Import took 0.039468 seconds .

========================================================================
Received Import Request.
  Time since last request: 324.405582 seconds.
  path: Assets/_TerrainAutoUpgrade
  artifactKey: Guid(42cdc29453eaf5e4c94ca542fad492ca) Importer(815301076,1909f56bfc062723c751e8b465ee728b)
Start importing Assets/_TerrainAutoUpgrade using Guid(42cdc29453eaf5e4c94ca542fad492ca) Importer(815301076,1909f56bfc062723c751e8b465ee728b)  -> (artifact id: 'd2b70e8d136627e50dcef8be27393abc') in 0.013766 seconds
  Import took 0.017947 seconds .

========================================================================
Received Import Request.
  Time since last request: 4.827328 seconds.
  path: Assets/assets/Score.cs
  artifactKey: Guid(b830fbdaa53ab494ebe6473f6eef9680) Importer(815301076,1909f56bfc062723c751e8b465ee728b)
Start importing Assets/assets/Score.cs using Guid(b830fbdaa53ab494ebe6473f6eef9680) Importer(815301076,1909f56bfc062723c751e8b465ee728b)  -> (artifact id: '265437859a3b47f21cddb4ca46be373e') in 0.013589 seconds
  Import took 0.018536 seconds .

========================================================================
Received Prepare
Registering precompiled user dll's ...
Registered in 0.001390 seconds.
Begin MonoManager ReloadAssembly
Native extension for WindowsStandalone target not found
Refreshing native plugins compatible for Editor in 0.41 ms, found 0 plugins.
Preloading 0 native plugins for Editor in 0.00 ms.
Invoked RoslynAnalysisRunner static constructor.
RoslynAnalysisRunner will not be running.
RoslynAnalysisRunner has terminated.
Mono: successfully reloaded assembly
- Completed reload, in  1.338 seconds
Platform modules already initialized, skipping
Refreshing native plugins compatible for Editor in 0.51 ms, found 0 plugins.
Preloading 0 native plugins for Editor in 0.00 ms.
Unloading 1235 Unused Serialized files (Serialized files now loaded: 0)
System memory in use before: 90.7 MB.
System memory in use after: 89.6 MB.

Unloading 11 unused Assets to reduce memory usage. Loaded Objects now: 1750.
Total: 4.171600 ms (FindLiveObjects: 0.272400 ms CreateObjectMapping: 0.050000 ms MarkObjects: 2.508900 ms  DeleteObjects: 1.338200 ms)

========================================================================
Received Import Request.
  Time since last request: 497.967308 seconds.
  path: Assets/assets/Score.cs
  artifactKey: Guid(b830fbdaa53ab494ebe6473f6eef9680) Importer(815301076,1909f56bfc062723c751e8b465ee728b)
Start importing Assets/assets/Score.cs using Guid(b830fbdaa53ab494ebe6473f6eef9680) Importer(815301076,1909f56bfc062723c751e8b465ee728b)  -> (artifact id: '69b34b93ef8571d0998cd793fa9b43f9') in 0.009537 seconds
  Import took 0.020459 seconds .

========================================================================
Received Prepare
Registering precompiled user dll's ...
Registered in 0.001453 seconds.
Begin MonoManager ReloadAssembly
Native extension for WindowsStandalone target not found
Refreshing native plugins compatible for Editor in 0.50 ms, found 0 plugins.
Preloading 0 native plugins for Editor in 0.00 ms.
Invoked RoslynAnalysisRunner static constructor.
RoslynAnalysisRunner will not be running.
RoslynAnalysisRunner has terminated.
Mono: successfully reloaded assembly
- Completed reload, in  1.366 seconds
Platform modules already initialized, skipping
Refreshing native plugins compatible for Editor in 0.42 ms, found 0 plugins.
Preloading 0 native plugins for Editor in 0.00 ms.
Unloading 1235 Unused Serialized files (Serialized files now loaded: 0)
System memory in use before: 90.7 MB.
System memory in use after: 89.6 MB.

Unloading 10 unused Assets to reduce memory usage. Loaded Objects now: 1752.
Total: 4.839600 ms (FindLiveObjects: 0.267700 ms CreateObjectMapping: 0.058500 ms MarkObjects: 2.895100 ms  DeleteObjects: 1.615400 ms)

========================================================================
Received Import Request.
  Time since last request: 49.103164 seconds.
  path: Assets/assets/90020247_p0.jpg
  artifactKey: Guid(ea2462d873d3ca642b506fb70736f1a8) Importer(815301076,1909f56bfc062723c751e8b465ee728b)
Start importing Assets/assets/90020247_p0.jpg using Guid(ea2462d873d3ca642b506fb70736f1a8) Importer(815301076,1909f56bfc062723c751e8b465ee728b)  -> (artifact id: '0dd1e363522c01fff20db3a290765a52') in 0.172771 seconds
  Import took 0.177424 seconds .

========================================================================
Received Prepare
Registering precompiled user dll's ...
Registered in 0.001394 seconds.
Begin MonoManager ReloadAssembly
Native extension for WindowsStandalone target not found
Refreshing native plugins compatible for Editor in 0.48 ms, found 0 plugins.
Preloading 0 native plugins for Editor in 0.00 ms.
Invoked RoslynAnalysisRunner static constructor.
RoslynAnalysisRunner will not be running.
RoslynAnalysisRunner has terminated.
Mono: successfully reloaded assembly
- Completed reload, in  1.382 seconds
Platform modules already initialized, skipping
Refreshing native plugins compatible for Editor in 0.43 ms, found 0 plugins.
Preloading 0 native plugins for Editor in 0.00 ms.
Unloading 1235 Unused Serialized files (Serialized files now loaded: 0)
System memory in use before: 90.7 MB.
System memory in use after: 89.7 MB.

Unloading 10 unused Assets to reduce memory usage. Loaded Objects now: 1756.
Total: 4.102000 ms (FindLiveObjects: 0.257600 ms CreateObjectMapping: 0.054200 ms MarkObjects: 2.457900 ms  DeleteObjects: 1.330800 ms)

========================================================================
Received Prepare
Registering precompiled user dll's ...
Registered in 0.001607 seconds.
Begin MonoManager ReloadAssembly
Native extension for WindowsStandalone target not found
Refreshing native plugins compatible for Editor in 0.40 ms, found 0 plugins.
Preloading 0 native plugins for Editor in 0.00 ms.
Invoked RoslynAnalysisRunner static constructor.
RoslynAnalysisRunner will not be running.
RoslynAnalysisRunner has terminated.
Mono: successfully reloaded assembly
- Completed reload, in  1.359 seconds
Platform modules already initialized, skipping
Refreshing native plugins compatible for Editor in 0.45 ms, found 0 plugins.
Preloading 0 native plugins for Editor in 0.00 ms.
Unloading 1235 Unused Serialized files (Serialized files now loaded: 0)
System memory in use before: 90.7 MB.
System memory in use after: 89.7 MB.

Unloading 10 unused Assets to reduce memory usage. Loaded Objects now: 1758.
Total: 4.026600 ms (FindLiveObjects: 0.263100 ms CreateObjectMapping: 0.050300 ms MarkObjects: 2.295500 ms  DeleteObjects: 1.416100 ms)

========================================================================
Received Prepare
Registering precompiled user dll's ...
Registered in 0.001496 seconds.
Begin MonoManager ReloadAssembly
Native extension for WindowsStandalone target not found
Refreshing native plugins compatible for Editor in 0.57 ms, found 0 plugins.
Preloading 0 native plugins for Editor in 0.00 ms.
Invoked RoslynAnalysisRunner static constructor.
RoslynAnalysisRunner will not be running.
RoslynAnalysisRunner has terminated.
Mono: successfully reloaded assembly
- Completed reload, in  1.433 seconds
Platform modules already initialized, skipping
Refreshing native plugins compatible for Editor in 0.44 ms, found 0 plugins.
Preloading 0 native plugins for Editor in 0.00 ms.
Unloading 1235 Unused Serialized files (Serialized files now loaded: 0)
System memory in use before: 90.7 MB.
System memory in use after: 89.7 MB.

Unloading 10 unused Assets to reduce memory usage. Loaded Objects now: 1760.
Total: 4.673800 ms (FindLiveObjects: 0.357700 ms CreateObjectMapping: 0.086500 ms MarkObjects: 2.922400 ms  DeleteObjects: 1.304200 ms)

========================================================================
Received Prepare
Registering precompiled user dll's ...
Registered in 0.001484 seconds.
Begin MonoManager ReloadAssembly
Native extension for WindowsStandalone target not found
Refreshing native plugins compatible for Editor in 0.56 ms, found 0 plugins.
Preloading 0 native plugins for Editor in 0.00 ms.
Invoked RoslynAnalysisRunner static constructor.
RoslynAnalysisRunner will not be running.
RoslynAnalysisRunner has terminated.
Mono: successfully reloaded assembly
- Completed reload, in  1.215 seconds
Platform modules already initialized, skipping
Refreshing native plugins compatible for Editor in 0.49 ms, found 0 plugins.
Preloading 0 native plugins for Editor in 0.00 ms.
Unloading 1235 Unused Serialized files (Serialized files now loaded: 0)
System memory in use before: 90.8 MB.
System memory in use after: 89.7 MB.

Unloading 10 unused Assets to reduce memory usage. Loaded Objects now: 1762.
Total: 3.467600 ms (FindLiveObjects: 0.210500 ms CreateObjectMapping: 0.034100 ms MarkObjects: 2.023300 ms  DeleteObjects: 1.198000 ms)

========================================================================
Received Prepare
Registering precompiled user dll's ...
Registered in 0.001368 seconds.
Begin MonoManager ReloadAssembly
Native extension for WindowsStandalone target not found
Refreshing native plugins compatible for Editor in 0.47 ms, found 0 plugins.
Preloading 0 native plugins for Editor in 0.00 ms.
Invoked RoslynAnalysisRunner static constructor.
RoslynAnalysisRunner will not be running.
RoslynAnalysisRunner has terminated.
Mono: successfully reloaded assembly
- Completed reload, in  1.422 seconds
Platform modules already initialized, skipping
Refreshing native plugins compatible for Editor in 0.45 ms, found 0 plugins.
Preloading 0 native plugins for Editor in 0.00 ms.
Unloading 1235 Unused Serialized files (Serialized files now loaded: 0)
System memory in use before: 90.7 MB.
System memory in use after: 89.7 MB.

Unloading 10 unused Assets to reduce memory usage. Loaded Objects now: 1764.
Total: 3.823600 ms (FindLiveObjects: 0.296600 ms CreateObjectMapping: 0.075000 ms MarkObjects: 2.204600 ms  DeleteObjects: 1.245000 ms)

========================================================================
Received Prepare
Registering precompiled user dll's ...
Registered in 0.001223 seconds.
Begin MonoManager ReloadAssembly
Native extension for WindowsStandalone target not found
Refreshing native plugins compatible for Editor in 0.68 ms, found 0 plugins.
Preloading 0 native plugins for Editor in 0.00 ms.
Invoked RoslynAnalysisRunner static constructor.
RoslynAnalysisRunner will not be running.
RoslynAnalysisRunner has terminated.
Mono: successfully reloaded assembly
- Completed reload, in  1.427 seconds
Platform modules already initialized, skipping
Script error: OnTriggerEnter2D
This message parameter has to be of type: Collider2D
The message will be ignored.

Refreshing native plugins compatible for Editor in 0.45 ms, found 0 plugins.
Preloading 0 native plugins for Editor in 0.00 ms.
Unloading 1235 Unused Serialized files (Serialized files now loaded: 0)
System memory in use before: 90.9 MB.
System memory in use after: 89.9 MB.

Unloading 10 unused Assets to reduce memory usage. Loaded Objects now: 1766.
Total: 4.316400 ms (FindLiveObjects: 0.260700 ms CreateObjectMapping: 0.055200 ms MarkObjects: 2.575800 ms  DeleteObjects: 1.422700 ms)

========================================================================
Received Prepare
Registering precompiled user dll's ...
Registered in 0.001462 seconds.
Begin MonoManager ReloadAssembly
Native extension for WindowsStandalone target not found
Refreshing native plugins compatible for Editor in 0.45 ms, found 0 plugins.
Preloading 0 native plugins for Editor in 0.00 ms.
Invoked RoslynAnalysisRunner static constructor.
RoslynAnalysisRunner will not be running.
RoslynAnalysisRunner has terminated.
Mono: successfully reloaded assembly
- Completed reload, in  1.361 seconds
Platform modules already initialized, skipping
Refreshing native plugins compatible for Editor in 0.40 ms, found 0 plugins.
Preloading 0 native plugins for Editor in 0.00 ms.
Unloading 1235 Unused Serialized files (Serialized files now loaded: 0)
System memory in use before: 90.9 MB.
System memory in use after: 89.9 MB.

Unloading 10 unused Assets to reduce memory usage. Loaded Objects now: 1768.
Total: 4.290100 ms (FindLiveObjects: 0.242000 ms CreateObjectMapping: 0.049700 ms MarkObjects: 2.466000 ms  DeleteObjects: 1.530500 ms)

========================================================================
Received Prepare
Registering precompiled user dll's ...
Registered in 0.001590 seconds.
Begin MonoManager ReloadAssembly
Native extension for WindowsStandalone target not found
Refreshing native plugins compatible for Editor in 0.40 ms, found 0 plugins.
Preloading 0 native plugins for Editor in 0.00 ms.
Invoked RoslynAnalysisRunner static constructor.
RoslynAnalysisRunner will not be running.
RoslynAnalysisRunner has terminated.
Mono: successfully reloaded assembly
- Completed reload, in  1.279 seconds
Platform modules already initialized, skipping
Refreshing native plugins compatible for Editor in 0.46 ms, found 0 plugins.
Preloading 0 native plugins for Editor in 0.00 ms.
Unloading 1235 Unused Serialized files (Serialized files now loaded: 0)
System memory in use before: 90.9 MB.
System memory in use after: 89.9 MB.

Unloading 10 unused Assets to reduce memory usage. Loaded Objects now: 1770.
Total: 3.652600 ms (FindLiveObjects: 0.277600 ms CreateObjectMapping: 0.048600 ms MarkObjects: 2.149500 ms  DeleteObjects: 1.175200 ms)

========================================================================
Received Prepare
Registering precompiled user dll's ...
Registered in 0.001491 seconds.
Begin MonoManager ReloadAssembly
Native extension for WindowsStandalone target not found
Refreshing native plugins compatible for Editor in 0.42 ms, found 0 plugins.
Preloading 0 native plugins for Editor in 0.00 ms.
Invoked RoslynAnalysisRunner static constructor.
RoslynAnalysisRunner will not be running.
RoslynAnalysisRunner has terminated.
Mono: successfully reloaded assembly
- Completed reload, in  1.344 seconds
Platform modules already initialized, skipping
Refreshing native plugins compatible for Editor in 0.58 ms, found 0 plugins.
Preloading 0 native plugins for Editor in 0.00 ms.
Unloading 1235 Unused Serialized files (Serialized files now loaded: 0)
System memory in use before: 90.9 MB.
System memory in use after: 89.9 MB.

Unloading 10 unused Assets to reduce memory usage. Loaded Objects now: 1772.
Total: 5.013400 ms (FindLiveObjects: 0.287900 ms CreateObjectMapping: 0.062400 ms MarkObjects: 3.220500 ms  DeleteObjects: 1.440100 ms)

========================================================================
Received Prepare
Registering precompiled user dll's ...
Registered in 0.001829 seconds.
Begin MonoManager ReloadAssembly
Native extension for WindowsStandalone target not found
Refreshing native plugins compatible for Editor in 0.55 ms, found 0 plugins.
Preloading 0 native plugins for Editor in 0.00 ms.
Invoked RoslynAnalysisRunner static constructor.
RoslynAnalysisRunner will not be running.
RoslynAnalysisRunner has terminated.
Mono: successfully reloaded assembly
- Completed reload, in  1.300 seconds
Platform modules already initialized, skipping
Refreshing native plugins compatible for Editor in 0.48 ms, found 0 plugins.
Preloading 0 native plugins for Editor in 0.00 ms.
Unloading 1235 Unused Serialized files (Serialized files now loaded: 0)
System memory in use before: 90.9 MB.
System memory in use after: 89.9 MB.

Unloading 10 unused Assets to reduce memory usage. Loaded Objects now: 1774.
Total: 4.134700 ms (FindLiveObjects: 0.297300 ms CreateObjectMapping: 0.050400 ms MarkObjects: 2.519200 ms  DeleteObjects: 1.265800 ms)

========================================================================
Received Import Request.
  Time since last request: 1672.029663 seconds.
  path: ProjectSettings/TagManager.asset
  artifactKey: Guid(00000000000000003000000000000000) Importer(815301076,1909f56bfc062723c751e8b465ee728b)
Start importing ProjectSettings/TagManager.asset using Guid(00000000000000003000000000000000) Importer(815301076,1909f56bfc062723c751e8b465ee728b)  -> (artifact id: '20e13c80dd95335b91996cec5ae5c8d4') in 0.031468 seconds
  Import took 0.044698 seconds .

========================================================================
Received Prepare
Registering precompiled user dll's ...
Registered in 0.002662 seconds.
Begin MonoManager ReloadAssembly
Native extension for WindowsStandalone target not found
Refreshing native plugins compatible for Editor in 0.87 ms, found 0 plugins.
Preloading 0 native plugins for Editor in 0.00 ms.
Invoked RoslynAnalysisRunner static constructor.
RoslynAnalysisRunner will not be running.
RoslynAnalysisRunner has terminated.
Mono: successfully reloaded assembly
- Completed reload, in  2.027 seconds
Platform modules already initialized, skipping
Refreshing native plugins compatible for Editor in 0.78 ms, found 0 plugins.
Preloading 0 native plugins for Editor in 0.00 ms.
Unloading 1235 Unused Serialized files (Serialized files now loaded: 0)
System memory in use before: 90.9 MB.
System memory in use after: 89.9 MB.

Unloading 11 unused Assets to reduce memory usage. Loaded Objects now: 1776.
Total: 8.140500 ms (FindLiveObjects: 0.411000 ms CreateObjectMapping: 0.187100 ms MarkObjects: 5.388600 ms  DeleteObjects: 2.143300 ms)

========================================================================
Received Import Request.
  Time since last request: 785.105867 seconds.
  path: Assets/assets/download (1).png
  artifactKey: Guid(67a57f023d2943940b898249630b101d) Importer(815301076,1909f56bfc062723c751e8b465ee728b)
Start importing Assets/assets/download (1).png using Guid(67a57f023d2943940b898249630b101d) Importer(815301076,1909f56bfc062723c751e8b465ee728b)  -> (artifact id: 'fbc8ef62d5f920f5ee3377db41961635') in 0.091150 seconds
  Import took 0.096344 seconds .

========================================================================
Received Import Request.
  Time since last request: 49.231676 seconds.
  path: Assets/Scenes/End.unity
  artifactKey: Guid(42935cacb4ecb0146ab25c6740f90d57) Importer(815301076,1909f56bfc062723c751e8b465ee728b)
Start importing Assets/Scenes/End.unity using Guid(42935cacb4ecb0146ab25c6740f90d57) Importer(815301076,1909f56bfc062723c751e8b465ee728b)  -> (artifact id: 'dc576688f47e562038f7266bb3450e5b') in 0.018521 seconds
  Import took 0.026801 seconds .

========================================================================
Received Import Request.
  Time since last request: 519.294774 seconds.
  path: Assets/assets/Score.cs
  artifactKey: Guid(b830fbdaa53ab494ebe6473f6eef9680) Importer(815301076,1909f56bfc062723c751e8b465ee728b)
Start importing Assets/assets/Score.cs using Guid(b830fbdaa53ab494ebe6473f6eef9680) Importer(815301076,1909f56bfc062723c751e8b465ee728b)  -> (artifact id: '0d423403ff8e7f6f3b21af7a08a41035') in 0.005724 seconds
  Import took 0.009326 seconds .

========================================================================
Received Import Request.
  Time since last request: 0.009055 seconds.
  path: Assets/assets/Score.cs
  artifactKey: Guid(b830fbdaa53ab494ebe6473f6eef9680) Importer(815301076,1909f56bfc062723c751e8b465ee728b)
Start importing Assets/assets/Score.cs using Guid(b830fbdaa53ab494ebe6473f6eef9680) Importer(815301076,1909f56bfc062723c751e8b465ee728b)  -> (artifact id: '0d423403ff8e7f6f3b21af7a08a41035') in 0.008392 seconds
  Import took 0.011453 seconds .

========================================================================
Received Import Request.
  Time since last request: 16.042326 seconds.
  path: Assets/Scenes/SampleScene.unity
  artifactKey: Guid(9fc0d4010bbf28b4594072e72b8655ab) Importer(815301076,1909f56bfc062723c751e8b465ee728b)
Start importing Assets/Scenes/SampleScene.unity using Guid(9fc0d4010bbf28b4594072e72b8655ab) Importer(815301076,1909f56bfc062723c751e8b465ee728b)  -> (artifact id: '06806e5988f743857f13d732f9183a15') in 0.017546 seconds
  Import took 0.025599 seconds .

========================================================================
Received Prepare
Registering precompiled user dll's ...
Registered in 0.001605 seconds.
Begin MonoManager ReloadAssembly
Native extension for WindowsStandalone target not found
Refreshing native plugins compatible for Editor in 0.44 ms, found 0 plugins.
Preloading 0 native plugins for Editor in 0.00 ms.
Invoked RoslynAnalysisRunner static constructor.
RoslynAnalysisRunner will not be running.
RoslynAnalysisRunner has terminated.
Mono: successfully reloaded assembly
- Completed reload, in  1.544 seconds
Platform modules already initialized, skipping
Refreshing native plugins compatible for Editor in 0.56 ms, found 0 plugins.
Preloading 0 native plugins for Editor in 0.00 ms.
Unloading 1235 Unused Serialized files (Serialized files now loaded: 0)
System memory in use before: 90.9 MB.
System memory in use after: 89.9 MB.

Unloading 10 unused Assets to reduce memory usage. Loaded Objects now: 1779.
Total: 4.407400 ms (FindLiveObjects: 0.265100 ms CreateObjectMapping: 0.063500 ms MarkObjects: 2.755200 ms  DeleteObjects: 1.321600 ms)

========================================================================
Received Import Request.
  Time since last request: 94.563027 seconds.
  path: Assets/assets/Score.cs
  artifactKey: Guid(b830fbdaa53ab494ebe6473f6eef9680) Importer(815301076,1909f56bfc062723c751e8b465ee728b)
Start importing Assets/assets/Score.cs using Guid(b830fbdaa53ab494ebe6473f6eef9680) Importer(815301076,1909f56bfc062723c751e8b465ee728b)  -> (artifact id: '57d8478242d09fe8faf03fdb7fe13766') in 0.013454 seconds
  Import took 0.019865 seconds .

========================================================================
Received Prepare
Registering precompiled user dll's ...
Registered in 0.002024 seconds.
Begin MonoManager ReloadAssembly
Native extension for WindowsStandalone target not found
Refreshing native plugins compatible for Editor in 0.57 ms, found 0 plugins.
Preloading 0 native plugins for Editor in 0.00 ms.
Invoked RoslynAnalysisRunner static constructor.
RoslynAnalysisRunner will not be running.
RoslynAnalysisRunner has terminated.
Mono: successfully reloaded assembly
- Completed reload, in  1.465 seconds
Platform modules already initialized, skipping
Refreshing native plugins compatible for Editor in 0.61 ms, found 0 plugins.
Preloading 0 native plugins for Editor in 0.00 ms.
Unloading 1235 Unused Serialized files (Serialized files now loaded: 0)
System memory in use before: 90.9 MB.
System memory in use after: 89.9 MB.

Unloading 10 unused Assets to reduce memory usage. Loaded Objects now: 1781.
Total: 6.616300 ms (FindLiveObjects: 0.500500 ms CreateObjectMapping: 0.205200 ms MarkObjects: 4.039400 ms  DeleteObjects: 1.868000 ms)

========================================================================
Received Prepare
Registering precompiled user dll's ...
Registered in 0.001611 seconds.
Begin MonoManager ReloadAssembly
Native extension for WindowsStandalone target not found
Refreshing native plugins compatible for Editor in 0.71 ms, found 0 plugins.
Preloading 0 native plugins for Editor in 0.00 ms.
Invoked RoslynAnalysisRunner static constructor.
RoslynAnalysisRunner will not be running.
RoslynAnalysisRunner has terminated.
Mono: successfully reloaded assembly
- Completed reload, in  1.448 seconds
Platform modules already initialized, skipping
Refreshing native plugins compatible for Editor in 0.42 ms, found 0 plugins.
Preloading 0 native plugins for Editor in 0.00 ms.
Unloading 1235 Unused Serialized files (Serialized files now loaded: 0)
System memory in use before: 90.9 MB.
System memory in use after: 89.9 MB.

Unloading 10 unused Assets to reduce memory usage. Loaded Objects now: 1783.
Total: 5.623900 ms (FindLiveObjects: 0.386800 ms CreateObjectMapping: 0.063400 ms MarkObjects: 3.586900 ms  DeleteObjects: 1.584100 ms)

========================================================================
Received Import Request.
  Time since last request: 245.990483 seconds.
  path: Assets/Scenes/End.unity
  artifactKey: Guid(42935cacb4ecb0146ab25c6740f90d57) Importer(815301076,1909f56bfc062723c751e8b465ee728b)
Start importing Assets/Scenes/End.unity using Guid(42935cacb4ecb0146ab25c6740f90d57) Importer(815301076,1909f56bfc062723c751e8b465ee728b)  -> (artifact id: 'e238eeb521218dcd492434235bc79eaa') in 0.024844 seconds
  Import took 0.035070 seconds .

========================================================================
Received Import Request.
  Time since last request: 0.000300 seconds.
  path: Assets/Scenes/SampleScene.unity
  artifactKey: Guid(9fc0d4010bbf28b4594072e72b8655ab) Importer(815301076,1909f56bfc062723c751e8b465ee728b)
Start importing Assets/Scenes/SampleScene.unity using Guid(9fc0d4010bbf28b4594072e72b8655ab) Importer(815301076,1909f56bfc062723c751e8b465ee728b)  -> (artifact id: '076f63c1e3f86b698666c92876dfc474') in 0.010131 seconds
  Import took 0.014507 seconds .

========================================================================
Received Prepare
Registering precompiled user dll's ...
Registered in 0.001750 seconds.
Begin MonoManager ReloadAssembly
Native extension for WindowsStandalone target not found
Refreshing native plugins compatible for Editor in 0.98 ms, found 0 plugins.
Preloading 0 native plugins for Editor in 0.00 ms.
Invoked RoslynAnalysisRunner static constructor.
RoslynAnalysisRunner will not be running.
RoslynAnalysisRunner has terminated.
Mono: successfully reloaded assembly
- Completed reload, in  1.933 seconds
Platform modules already initialized, skipping
Refreshing native plugins compatible for Editor in 0.49 ms, found 0 plugins.
Preloading 0 native plugins for Editor in 0.00 ms.
Unloading 1235 Unused Serialized files (Serialized files now loaded: 0)
System memory in use before: 90.9 MB.
System memory in use after: 89.9 MB.

Unloading 10 unused Assets to reduce memory usage. Loaded Objects now: 1785.
Total: 4.551600 ms (FindLiveObjects: 0.394300 ms CreateObjectMapping: 0.056500 ms MarkObjects: 2.749200 ms  DeleteObjects: 1.349200 ms)

========================================================================
Received Prepare
Registering precompiled user dll's ...
Registered in 0.001312 seconds.
Begin MonoManager ReloadAssembly
Native extension for WindowsStandalone target not found
Refreshing native plugins compatible for Editor in 0.79 ms, found 0 plugins.
Preloading 0 native plugins for Editor in 0.00 ms.
Invoked RoslynAnalysisRunner static constructor.
RoslynAnalysisRunner will not be running.
RoslynAnalysisRunner has terminated.
Mono: successfully reloaded assembly
- Completed reload, in  1.970 seconds
Platform modules already initialized, skipping
Refreshing native plugins compatible for Editor in 0.59 ms, found 0 plugins.
Preloading 0 native plugins for Editor in 0.00 ms.
Unloading 1235 Unused Serialized files (Serialized files now loaded: 0)
System memory in use before: 90.9 MB.
System memory in use after: 89.9 MB.

Unloading 10 unused Assets to reduce memory usage. Loaded Objects now: 1787.
Total: 4.532600 ms (FindLiveObjects: 0.251400 ms CreateObjectMapping: 0.053600 ms MarkObjects: 2.596100 ms  DeleteObjects: 1.629100 ms)

========================================================================
Received Import Request.
  Time since last request: 2348.609439 seconds.
  path: Assets/audio
  artifactKey: Guid(d844ebae87882034c9649c5a384a5471) Importer(815301076,1909f56bfc062723c751e8b465ee728b)
Start importing Assets/audio using Guid(d844ebae87882034c9649c5a384a5471) Importer(815301076,1909f56bfc062723c751e8b465ee728b)  -> (artifact id: '6dcd292b2f424b42477cf6fb45a06500') in 0.019509 seconds
  Import took 0.029936 seconds .

========================================================================
Received Import Request.
  Time since last request: 0.001521 seconds.
  path: Assets/audio
  artifactKey: Guid(d844ebae87882034c9649c5a384a5471) Importer(815301076,1909f56bfc062723c751e8b465ee728b)
Start importing Assets/audio using Guid(d844ebae87882034c9649c5a384a5471) Importer(815301076,1909f56bfc062723c751e8b465ee728b)  -> (artifact id: '6dcd292b2f424b42477cf6fb45a06500') in 0.006722 seconds
  Import took 0.011241 seconds .

========================================================================
Received Import Request.
  Time since last request: 10.654305 seconds.
  path: Assets/audio/y2mate.com - Ominous Suspense Music  Silent Shadows.mp3
  artifactKey: Guid(824bcca29a7fe6749af685d88c126ba7) Importer(815301076,1909f56bfc062723c751e8b465ee728b)
Start importing Assets/audio/y2mate.com - Ominous Suspense Music  Silent Shadows.mp3 using Guid(824bcca29a7fe6749af685d88c126ba7) Importer(815301076,1909f56bfc062723c751e8b465ee728b)  -> (artifact id: '3db3995830efb788e6cd15ddaf12c1af') in 0.171489 seconds
  Import took 0.183905 seconds .

========================================================================
Received Prepare
Registering precompiled user dll's ...
Registered in 0.001733 seconds.
Begin MonoManager ReloadAssembly
Native extension for WindowsStandalone target not found
Refreshing native plugins compatible for Editor in 0.44 ms, found 0 plugins.
Preloading 0 native plugins for Editor in 0.00 ms.
Invoked RoslynAnalysisRunner static constructor.
RoslynAnalysisRunner will not be running.
RoslynAnalysisRunner has terminated.
Mono: successfully reloaded assembly
- Completed reload, in  1.546 seconds
Platform modules already initialized, skipping
Refreshing native plugins compatible for Editor in 0.79 ms, found 0 plugins.
Preloading 0 native plugins for Editor in 0.00 ms.
Unloading 1235 Unused Serialized files (Serialized files now loaded: 0)
System memory in use before: 94.1 MB.
System memory in use after: 93.1 MB.

Unloading 10 unused Assets to reduce memory usage. Loaded Objects now: 1797.
Total: 4.853300 ms (FindLiveObjects: 0.358800 ms CreateObjectMapping: 0.074700 ms MarkObjects: 3.091800 ms  DeleteObjects: 1.326100 ms)

========================================================================
Received Prepare
Registering precompiled user dll's ...
Registered in 0.004117 seconds.
Begin MonoManager ReloadAssembly
Native extension for WindowsStandalone target not found
Refreshing native plugins compatible for Editor in 0.82 ms, found 0 plugins.
Preloading 0 native plugins for Editor in 0.00 ms.
Invoked RoslynAnalysisRunner static constructor.
RoslynAnalysisRunner will not be running.
RoslynAnalysisRunner has terminated.
Mono: successfully reloaded assembly
- Completed reload, in  3.954 seconds
Platform modules already initialized, skipping
Refreshing native plugins compatible for Editor in 1.10 ms, found 0 plugins.
Preloading 0 native plugins for Editor in 0.00 ms.
Unloading 1235 Unused Serialized files (Serialized files now loaded: 0)
System memory in use before: 94.1 MB.
System memory in use after: 93.1 MB.

Unloading 10 unused Assets to reduce memory usage. Loaded Objects now: 1799.
Total: 18.997500 ms (FindLiveObjects: 1.225500 ms CreateObjectMapping: 0.313100 ms MarkObjects: 11.666800 ms  DeleteObjects: 5.782300 ms)

========================================================================
Received Prepare
Registering precompiled user dll's ...
Registered in 0.002566 seconds.
Begin MonoManager ReloadAssembly
Native extension for WindowsStandalone target not found
Refreshing native plugins compatible for Editor in 0.44 ms, found 0 plugins.
Preloading 0 native plugins for Editor in 0.00 ms.
Invoked RoslynAnalysisRunner static constructor.
RoslynAnalysisRunner will not be running.
RoslynAnalysisRunner has terminated.
Mono: successfully reloaded assembly
- Completed reload, in  1.660 seconds
Platform modules already initialized, skipping
Refreshing native plugins compatible for Editor in 0.53 ms, found 0 plugins.
Preloading 0 native plugins for Editor in 0.00 ms.
Unloading 1235 Unused Serialized files (Serialized files now loaded: 0)
System memory in use before: 94.1 MB.
System memory in use after: 93.1 MB.

Unloading 10 unused Assets to reduce memory usage. Loaded Objects now: 1801.
Total: 3.988300 ms (FindLiveObjects: 0.318000 ms CreateObjectMapping: 0.062100 ms MarkObjects: 2.465500 ms  DeleteObjects: 1.140900 ms)

========================================================================
Received Import Request.
  Time since last request: 1479.834040 seconds.
  path: Assets/audio/y2mate.com - Dark Piano  Liar.mp3
  artifactKey: Guid(b0678498f3bf5ca4c84299aaae925d42) Importer(815301076,1909f56bfc062723c751e8b465ee728b)
Start importing Assets/audio/y2mate.com - Dark Piano  Liar.mp3 using Guid(b0678498f3bf5ca4c84299aaae925d42) Importer(815301076,1909f56bfc062723c751e8b465ee728b)  -> (artifact id: 'd39e4ffa9c3b10a207fcc2c95c42f1ae') in 0.102413 seconds
  Import took 0.106480 seconds .

========================================================================
Received Prepare
Registering precompiled user dll's ...
Registered in 0.001785 seconds.
Begin MonoManager ReloadAssembly
Native extension for WindowsStandalone target not found
Refreshing native plugins compatible for Editor in 1.35 ms, found 0 plugins.
Preloading 0 native plugins for Editor in 0.00 ms.
Invoked RoslynAnalysisRunner static constructor.
RoslynAnalysisRunner will not be running.
RoslynAnalysisRunner has terminated.
Mono: successfully reloaded assembly
- Completed reload, in  2.326 seconds
Platform modules already initialized, skipping
Refreshing native plugins compatible for Editor in 1.57 ms, found 0 plugins.
Preloading 0 native plugins for Editor in 0.00 ms.
Unloading 1235 Unused Serialized files (Serialized files now loaded: 0)
System memory in use before: 94.1 MB.
System memory in use after: 93.1 MB.

Unloading 10 unused Assets to reduce memory usage. Loaded Objects now: 1804.
Total: 7.849600 ms (FindLiveObjects: 0.816500 ms CreateObjectMapping: 0.292100 ms MarkObjects: 4.255400 ms  DeleteObjects: 2.482400 ms)

========================================================================
Received Import Request.
  Time since last request: 562.865138 seconds.
  path: Assets/audio/y2mate.com - Creepy Ghost Woman Weeping  Screaming Sound Effect HD FREE.mp3
  artifactKey: Guid(da5395aadae6f2e42a2ff1b8146d012b) Importer(815301076,1909f56bfc062723c751e8b465ee728b)
Start importing Assets/audio/y2mate.com - Creepy Ghost Woman Weeping  Screaming Sound Effect HD FREE.mp3 using Guid(da5395aadae6f2e42a2ff1b8146d012b) Importer(815301076,1909f56bfc062723c751e8b465ee728b)  -> (artifact id: 'b26ff5735a94284e5d3e761e36ec6665') in 0.108266 seconds
  Import took 0.113062 seconds .

========================================================================
Received Prepare
Registering precompiled user dll's ...
Registered in 0.001636 seconds.
Begin MonoManager ReloadAssembly
Native extension for WindowsStandalone target not found
Refreshing native plugins compatible for Editor in 0.45 ms, found 0 plugins.
Preloading 0 native plugins for Editor in 0.00 ms.
Invoked RoslynAnalysisRunner static constructor.
RoslynAnalysisRunner will not be running.
RoslynAnalysisRunner has terminated.
Mono: successfully reloaded assembly
- Completed reload, in  1.448 seconds
Platform modules already initialized, skipping
Refreshing native plugins compatible for Editor in 0.47 ms, found 0 plugins.
Preloading 0 native plugins for Editor in 0.00 ms.
Unloading 1235 Unused Serialized files (Serialized files now loaded: 0)
System memory in use before: 94.1 MB.
System memory in use after: 93.1 MB.

Unloading 10 unused Assets to reduce memory usage. Loaded Objects now: 1807.
Total: 4.972100 ms (FindLiveObjects: 0.378500 ms CreateObjectMapping: 0.094400 ms MarkObjects: 3.099800 ms  DeleteObjects: 1.396700 ms)

========================================================================
Received Prepare
Registering precompiled user dll's ...
Registered in 0.002026 seconds.
Begin MonoManager ReloadAssembly
Native extension for WindowsStandalone target not found
Refreshing native plugins compatible for Editor in 0.83 ms, found 0 plugins.
Preloading 0 native plugins for Editor in 0.00 ms.
Invoked RoslynAnalysisRunner static constructor.
RoslynAnalysisRunner will not be running.
RoslynAnalysisRunner has terminated.
Mono: successfully reloaded assembly
- Completed reload, in  1.990 seconds
Platform modules already initialized, skipping
Refreshing native plugins compatible for Editor in 0.96 ms, found 0 plugins.
Preloading 0 native plugins for Editor in 0.00 ms.
Unloading 1235 Unused Serialized files (Serialized files now loaded: 0)
System memory in use before: 94.1 MB.
System memory in use after: 93.1 MB.

Unloading 10 unused Assets to reduce memory usage. Loaded Objects now: 1809.
Total: 7.322800 ms (FindLiveObjects: 0.418700 ms CreateObjectMapping: 0.098700 ms MarkObjects: 4.814000 ms  DeleteObjects: 1.987600 ms)

========================================================================
Received Prepare
Registering precompiled user dll's ...
Registered in 0.001516 seconds.
Begin MonoManager ReloadAssembly
Native extension for WindowsStandalone target not found
Refreshing native plugins compatible for Editor in 0.57 ms, found 0 plugins.
Preloading 0 native plugins for Editor in 0.00 ms.
Invoked RoslynAnalysisRunner static constructor.
RoslynAnalysisRunner will not be running.
RoslynAnalysisRunner has terminated.
Mono: successfully reloaded assembly
- Completed reload, in  1.348 seconds
Platform modules already initialized, skipping
Refreshing native plugins compatible for Editor in 0.43 ms, found 0 plugins.
Preloading 0 native plugins for Editor in 0.00 ms.
Unloading 1235 Unused Serialized files (Serialized files now loaded: 0)
System memory in use before: 94.1 MB.
System memory in use after: 93.1 MB.

Unloading 10 unused Assets to reduce memory usage. Loaded Objects now: 1811.
Total: 5.077300 ms (FindLiveObjects: 0.403800 ms CreateObjectMapping: 0.112800 ms MarkObjects: 3.074800 ms  DeleteObjects: 1.482700 ms)

========================================================================
Received Prepare
Registering precompiled user dll's ...
Registered in 0.001490 seconds.
Begin MonoManager ReloadAssembly
Native extension for WindowsStandalone target not found
Refreshing native plugins compatible for Editor in 0.94 ms, found 0 plugins.
Preloading 0 native plugins for Editor in 0.00 ms.
Invoked RoslynAnalysisRunner static constructor.
RoslynAnalysisRunner will not be running.
RoslynAnalysisRunner has terminated.
Mono: successfully reloaded assembly
- Completed reload, in  3.602 seconds
Platform modules already initialized, skipping
Refreshing native plugins compatible for Editor in 1.67 ms, found 0 plugins.
Preloading 0 native plugins for Editor in 0.00 ms.
Unloading 1235 Unused Serialized files (Serialized files now loaded: 0)
System memory in use before: 94.2 MB.
System memory in use after: 93.1 MB.

Unloading 10 unused Assets to reduce memory usage. Loaded Objects now: 1813.
Total: 8.243100 ms (FindLiveObjects: 0.489400 ms CreateObjectMapping: 0.079100 ms MarkObjects: 5.595500 ms  DeleteObjects: 2.076100 ms)

========================================================================
Received Prepare
Registering precompiled user dll's ...
Registered in 0.001523 seconds.
Begin MonoManager ReloadAssembly
Native extension for WindowsStandalone target not found
Refreshing native plugins compatible for Editor in 0.41 ms, found 0 plugins.
Preloading 0 native plugins for Editor in 0.00 ms.
Invoked RoslynAnalysisRunner static constructor.
RoslynAnalysisRunner will not be running.
RoslynAnalysisRunner has terminated.
Mono: successfully reloaded assembly
- Completed reload, in  1.419 seconds
Platform modules already initialized, skipping
Refreshing native plugins compatible for Editor in 0.48 ms, found 0 plugins.
Preloading 0 native plugins for Editor in 0.00 ms.
Unloading 1235 Unused Serialized files (Serialized files now loaded: 0)
System memory in use before: 94.1 MB.
System memory in use after: 93.1 MB.

Unloading 10 unused Assets to reduce memory usage. Loaded Objects now: 1815.
Total: 4.052900 ms (FindLiveObjects: 0.327900 ms CreateObjectMapping: 0.048800 ms MarkObjects: 2.414400 ms  DeleteObjects: 1.259700 ms)

AssetImportWorkerClient::OnTransportError - code=2 error=End of file
